GROUP,PACKAGE,CLASS,INSTRUCTION_MISSED,INSTRUCTION_COVERED,BRANCH_MISSED,BRANCH_COVERED,LINE_MISSED,LINE_COVERED,COMPLEXITY_MISSED,COMPLEXITY_COVERED,METHOD_MISSED,METHOD_COVERED
test,com.springboot.test,TestApplication,5,3,0,0,2,1,1,1,1,1
test,com.springboot.test.controller,ProductController,22,30,0,0,6,8,2,3,2,3
test,com.springboot.test.data.entity,Product.ProductBuilder,63,0,0,0,1,0,9,0,9,0
test,com.springboot.test.data.entity,Product,249,49,54,0,3,9,34,12,7,12
test,com.springboot.test.data.dto,ChangeProductNameDto,26,0,0,0,12,0,6,0,6,0
test,com.springboot.test.data.dto,ProductResponseDto,130,46,26,0,1,7,17,10,4,10
test,com.springboot.test.data.dto,ProductDto,49,88,11,7,0,8,10,12,1,12
test,com.springboot.test.data.dto,ProductDto.ProductDtoBuilder,8,28,0,0,0,1,1,5,1,5
